<?xml version="1.0" encoding="UTF-8"?>
<!-- Generated by org.testng.reporters.JUnitReportReporter -->
<testsuite hostname="Ajays-MacBook-Air.local" failures="0" tests="2" name="TestNG.MobileTesting" time="0.010" errors="0" timestamp="2021-11-24T14:59:22 IST" skipped="0">
  <testcase classname="TestNG.MobileTesting" name="sendmobilerequest" time="0.003"/>
  <system-out/>
  <testcase classname="TestNG.MobileTesting" name="mobileLogin" time="0.007"/>
  <system-out/>
</testsuite> <!-- TestNG.MobileTesting -->
