<?xml version="1.0" encoding="UTF-8"?>
<!-- Generated by org.testng.reporters.JUnitReportReporter -->
<testsuite hostname="Ajays-MacBook-Air.local" failures="0" tests="3" name="TestNG.TestNGDemo" time="0.006" errors="0" timestamp="2021-11-24T14:59:22 IST" skipped="1">
  <testcase classname="TestNG.TestNGDemo" name="validateHomePage" time="0.003"/>
  <system-out/>
  <testcase classname="TestNG.TestNGDemo" name="resetPassword" time="0.003"/>
  <system-out/>
  <testcase classname="TestNG.TestNGDemo" name="skippingTC">
    <skipped/>
  </testcase> <!-- skippingTC -->
  <system-out/>
</testsuite> <!-- TestNG.TestNGDemo -->
