<?xml version="1.0" encoding="UTF-8"?>
<!-- Generated by org.testng.reporters.JUnitReportReporter -->
<testsuite hostname="Ajays-MacBook-Air.local" failures="0" tests="1" name="APITesting.Post_API_Test" time="5.779" errors="0" timestamp="2021-11-24T14:49:01 IST" skipped="0">
  <testcase classname="APITesting.Post_API_Test" name="post_API" time="5.779"/>
  <system-out/>
</testsuite> <!-- APITesting.Post_API_Test -->
